TN:
SF:src/config/config.ts
FNF:0
FNH:0
DA:2,1
DA:4,1
DA:6,1
DA:12,1
DA:13,1
DA:16,1
LF:6
LH:6
BRDA:7,0,0,1
BRDA:7,0,1,1
BRDA:12,1,0,1
BRF:3
BRH:3
end_of_record
TN:
SF:src/controller/authController.ts
FN:7,(anonymous_0)
FN:53,(anonymous_1)
FN:79,(anonymous_2)
FNF:3
FNH:3
FNDA:11,(anonymous_0)
FNDA:4,(anonymous_1)
FNDA:18,(anonymous_2)
DA:2,1
DA:3,1
DA:4,1
DA:5,1
DA:7,1
DA:8,11
DA:9,10
DA:10,10
DA:11,3
DA:13,10
DA:14,2
DA:16,10
DA:21,9
DA:22,5
DA:24,9
DA:25,5
DA:26,5
DA:29,4
DA:30,1
DA:31,1
DA:32,1
DA:34,3
DA:35,0
DA:36,0
DA:40,3
DA:41,3
DA:50,3
DA:53,1
DA:54,4
DA:55,4
DA:60,4
DA:61,1
DA:62,1
DA:64,3
DA:65,2
DA:66,2
DA:68,1
DA:76,1
DA:79,1
DA:80,18
DA:81,18
DA:82,17
DA:83,9
DA:84,9
DA:86,8
DA:91,8
DA:92,1
DA:93,1
DA:95,7
DA:96,1
DA:97,1
DA:99,6
DA:100,1
DA:101,1
DA:103,5
DA:111,5
DA:114,1
LF:57
LH:55
BRDA:10,0,0,3
BRDA:13,1,0,2
BRDA:21,2,0,5
BRDA:24,3,0,5
BRDA:29,4,0,1
BRDA:34,5,0,0
BRDA:60,6,0,1
BRDA:64,7,0,2
BRDA:81,8,0,1
BRDA:81,9,0,18
BRDA:81,9,1,17
BRDA:81,9,2,17
BRDA:82,10,0,9
BRDA:91,11,0,1
BRDA:95,12,0,1
BRDA:99,13,0,1
BRF:16
BRH:15
end_of_record
TN:
SF:src/helpers/asyncHandler.ts
FN:3,asyncHandler
FN:4,(anonymous_1)
FNF:2
FNH:0
FNDA:0,asyncHandler
FNDA:0,(anonymous_1)
DA:4,0
DA:5,0
DA:6,0
DA:8,0
DA:9,0
LF:5
LH:0
BRF:0
BRH:0
end_of_record
TN:
SF:src/helpers/errorResponse.ts
FN:3,errorResponse
FNF:1
FNH:0
FNDA:0,errorResponse
DA:3,1
DA:4,0
DA:11,1
LF:3
LH:2
BRF:0
BRH:0
end_of_record
TN:
SF:src/helpers/validateOrReturn.ts
FN:6,validateOrReturn
FN:9,(anonymous_1)
FN:9,(anonymous_2)
FNF:3
FNH:0
FNDA:0,validateOrReturn
FNDA:0,(anonymous_1)
FNDA:0,(anonymous_2)
DA:2,1
DA:6,1
DA:7,0
DA:8,0
DA:9,0
DA:11,0
LF:6
LH:2
BRDA:8,0,0,0
BRF:1
BRH:0
end_of_record
TN:
SF:src/routes/authRouter.ts
FNF:0
FNH:0
DA:4,0
DA:5,0
DA:6,0
DA:7,0
LF:4
LH:0
BRF:0
BRH:0
end_of_record
TN:
SF:src/types/index.ts
FNF:0
FNH:0
DA:1,1
DA:3,1
DA:8,1
DA:13,1
LF:4
LH:4
BRF:0
BRH:0
end_of_record
